<?xml version="1.0" encoding="UTF-8" ?>
<testsuite tests="1" failures="1" name="org.sda.comparators.UserNameComparatorByTitleTest" time="0" errors="0" skipped="0">
  <properties>
[...]
</properties>
  <testcase classname="org.sda.comparators.UserNameComparatorByTitleTest" name="comparatorByTitle_NameTest" time="0">
    <failure message="expected:&lt;[User{userName=&apos;karolek7777&apos;, password=[K, a, A, r, o, l, 5, 5, 2, 2], address=null, email=null, academic title=Engineer, User{userName=&apos;sokolmix&apos;, password=[K, K, u, u, b, b, 1, 1, 1], address=null, email=null, academic title=Doctor, User{userName=&apos;karolek7777&apos;, password=[K, a, A, r, o, l, 5, 5, 2, 2], address=null, email=null, academic title=Engineer]&gt; but was:&lt;[User{userName=&apos;adamspadam&apos;, password=[A, D, a, m, e, k, 1, 1, 1, 2], address=null, email=null, academic title=, User{userName=&apos;sokolmix&apos;, password=[K, K, u, u, b, b, 1, 1, 1], address=null, email=null, academic title=Doctor, User{userName=&apos;karolek7777&apos;, password=[K, a, A, r, o, l, 5, 5, 2, 2], address=null, email=null, academic title=Engineer]&gt;" type="java.lang.AssertionError">java.lang.AssertionError: expected:&lt;[User{userName=&apos;karolek7777&apos;, password=[K, a, A, r, o, l, 5, 5, 2, 2], address=null, email=null, academic title=Engineer, User{userName=&apos;sokolmix&apos;, password=[K, K, u, u, b, b, 1, 1, 1], address=null, email=null, academic title=Doctor, User{userName=&apos;karolek7777&apos;, password=[K, a, A, r, o, l, 5, 5, 2, 2], address=null, email=null, academic title=Engineer]&gt; but was:&lt;[User{userName=&apos;adamspadam&apos;, password=[A, D, a, m, e, k, 1, 1, 1, 2], address=null, email=null, academic title=, User{userName=&apos;sokolmix&apos;, password=[K, K, u, u, b, b, 1, 1, 1], address=null, email=null, academic title=Doctor, User{userName=&apos;karolek7777&apos;, password=[K, a, A, r, o, l, 5, 5, 2, 2], address=null, email=null, academic title=Engineer]&gt;
	at org.junit.Assert.fail(Assert.java:88)
	at org.junit.Assert.failNotEquals(Assert.java:834)
	at org.junit.Assert.assertEquals(Assert.java:118)
	at org.junit.Assert.assertEquals(Assert.java:144)
	at org.sda.comparators.UserNameComparatorByTitleTest.comparatorByTitle_NameTest(UserNameComparatorByTitleTest.java:29)
	at sun.reflect.NativeMethodAccessorImpl.invoke0(Native Method)
	at sun.reflect.NativeMethodAccessorImpl.invoke(NativeMethodAccessorImpl.java:62)
	at sun.reflect.DelegatingMethodAccessorImpl.invoke(DelegatingMethodAccessorImpl.java:43)
	at java.lang.reflect.Method.invoke(Method.java:498)
	at org.junit.runners.model.FrameworkMethod$1.runReflectiveCall(FrameworkMethod.java:50)
	at org.junit.internal.runners.model.ReflectiveCallable.run(ReflectiveCallable.java:12)
	at org.junit.runners.model.FrameworkMethod.invokeExplosively(FrameworkMethod.java:47)
	at org.junit.internal.runners.statements.InvokeMethod.evaluate(InvokeMethod.java:17)
	at org.junit.runners.ParentRunner.runLeaf(ParentRunner.java:325)
	at org.junit.runners.BlockJUnit4ClassRunner.runChild(BlockJUnit4ClassRunner.java:78)
	at org.junit.runners.BlockJUnit4ClassRunner.runChild(BlockJUnit4ClassRunner.java:57)
	at org.junit.runners.ParentRunner$3.run(ParentRunner.java:290)
	at org.junit.runners.ParentRunner$1.schedule(ParentRunner.java:71)
	at org.junit.runners.ParentRunner.runChildren(ParentRunner.java:288)
	at org.junit.runners.ParentRunner.access$000(ParentRunner.java:58)
	at org.junit.runners.ParentRunner$2.evaluate(ParentRunner.java:268)
	at org.junit.runners.ParentRunner.run(ParentRunner.java:363)
	at org.apache.maven.surefire.junit4.JUnit4Provider.execute(JUnit4Provider.java:252)
	at org.apache.maven.surefire.junit4.JUnit4Provider.executeTestSet(JUnit4Provider.java:141)
	at org.apache.maven.surefire.junit4.JUnit4Provider.invoke(JUnit4Provider.java:112)
	at sun.reflect.NativeMethodAccessorImpl.invoke0(Native Method)
	at sun.reflect.NativeMethodAccessorImpl.invoke(NativeMethodAccessorImpl.java:62)
	at sun.reflect.DelegatingMethodAccessorImpl.invoke(DelegatingMethodAccessorImpl.java:43)
	at java.lang.reflect.Method.invoke(Method.java:498)
	at org.apache.maven.surefire.util.ReflectionUtils.invokeMethodWithArray(ReflectionUtils.java:189)
	at org.apache.maven.surefire.booter.ProviderFactory$ProviderProxy.invoke(ProviderFactory.java:165)
	at org.apache.maven.surefire.booter.ProviderFactory.invokeProvider(ProviderFactory.java:85)
	at org.apache.maven.surefire.booter.ForkedBooter.runSuitesInProcess(ForkedBooter.java:115)
	at org.apache.maven.surefire.booter.ForkedBooter.main(ForkedBooter.java:75)
</failure>
  </testcase>
</testsuite>